<?xml version="1.0" encoding="UTF-8"?>
<testsuite name="model.DiscardPileTest" tests="4" skipped="0" failures="0" errors="0" timestamp="2026-05-28T16:15:17.337Z" hostname="fornect-v15xv17xrnx" time="0.005">
  <properties/>
  <testcase name="takeAll should return all cards and clear pile()" classname="model.DiscardPileTest" time="0.002"/>
  <testcase name="discard pile should be empty when created()" classname="model.DiscardPileTest" time="0.001"/>
  <testcase name="clear should remove all cards()" classname="model.DiscardPileTest" time="0.001"/>
  <testcase name="add card should increase size()" classname="model.DiscardPileTest" time="0.0"/>
  <system-out><![CDATA[]]></system-out>
  <system-err><![CDATA[]]></system-err>
</testsuite>
