<?xml version="1.0" encoding="UTF-8"?>
<testsuite name="systems.ConsoleGameTest" tests="4" skipped="0" failures="0" errors="0" timestamp="2026-05-29T01:19:10.012Z" hostname="fornect-v15xv17xrnx" time="0.015">
  <properties/>
  <testcase name="victory is detected()" classname="systems.ConsoleGameTest" time="0.007"/>
  <testcase name="full turn executes correctly()" classname="systems.ConsoleGameTest" time="0.004"/>
  <testcase name="quarantine restricts actions()" classname="systems.ConsoleGameTest" time="0.001"/>
  <testcase name="game phases execute in order()" classname="systems.ConsoleGameTest" time="0.001"/>
  <system-out><![CDATA[DEBUG resetTurnState: actionDone was false
DEBUG resetTurnState: actionDone now false
DEBUG resetTurnState: actionDone was false
DEBUG resetTurnState: actionDone now false
DEBUG drawCard: skipActionPhase=false, player=Анна
DEBUG resetTurnState: actionDone was false
DEBUG resetTurnState: actionDone now false
DEBUG resetTurnState: actionDone was false
DEBUG resetTurnState: actionDone now false
]]></system-out>
  <system-err><![CDATA[]]></system-err>
</testsuite>
