<?xml version="1.0" encoding="UTF-8"?>
<testsuite name="systems.IntegrationTest" tests="4" skipped="0" failures="0" errors="0" timestamp="2026-05-29T01:19:10.075Z" hostname="fornect-v15xv17xrnx" time="0.003">
  <properties/>
  <testcase name="axe removes quarantine()" classname="systems.IntegrationTest" time="0.001"/>
  <testcase name="infection spreads through exchange()" classname="systems.IntegrationTest" time="0.001"/>
  <testcase name="door blocks exchange()" classname="systems.IntegrationTest" time="0.0"/>
  <testcase name="full game flow works()" classname="systems.IntegrationTest" time="0.001"/>
  <system-out><![CDATA[DEBUG resetTurnState: actionDone was false
DEBUG resetTurnState: actionDone now false
DEBUG resetTurnState: actionDone was false
DEBUG resetTurnState: actionDone now false
DEBUG resetTurnState: actionDone was false
DEBUG resetTurnState: actionDone now false
DEBUG resetTurnState: actionDone was false
DEBUG resetTurnState: actionDone now false
DEBUG drawCard: skipActionPhase=false, player=Анна
DEBUG drawCard: skipActionPhase=false, player=Глеб
DEBUG drawCard: skipActionPhase=false, player=Вика
DEBUG drawCard: skipActionPhase=false, player=Борис
DEBUG drawCard: PANIC! skipActionPhase set to true
]]></system-out>
  <system-err><![CDATA[]]></system-err>
</testsuite>
