<?xml version="1.0" encoding="UTF-8"?>
<testsuite name="model.CardTest" tests="5" skipped="0" failures="0" errors="0" timestamp="2026-05-28T16:07:01.291Z" hostname="fornect-v15xv17xrnx" time="0.003">
  <properties/>
  <testcase name="copy should create new instance with same values()" classname="model.CardTest" time="0.0"/>
  <testcase name="obstacle card should have correct type()" classname="model.CardTest" time="0.001"/>
  <testcase name="defense card should have correct type()" classname="model.CardTest" time="0.0"/>
  <testcase name="action card should have correct type()" classname="model.CardTest" time="0.0"/>
  <testcase name="panic card should have correct type()" classname="model.CardTest" time="0.001"/>
  <system-out><![CDATA[]]></system-out>
  <system-err><![CDATA[]]></system-err>
</testsuite>
