<?xml version="1.0" encoding="UTF-8"?>
<testsuite name="systems.ConsoleGameTest" tests="4" skipped="0" failures="0" errors="0" timestamp="2026-05-28T15:32:25.946Z" hostname="fornect-v15xv17xrnx" time="0.012">
  <properties/>
  <testcase name="victory is detected()" classname="systems.ConsoleGameTest" time="0.007"/>
  <testcase name="full turn executes correctly()" classname="systems.ConsoleGameTest" time="0.003"/>
  <testcase name="quarantine restricts actions()" classname="systems.ConsoleGameTest" time="0.001"/>
  <testcase name="game phases execute in order()" classname="systems.ConsoleGameTest" time="0.001"/>
  <system-out><![CDATA[]]></system-out>
  <system-err><![CDATA[]]></system-err>
</testsuite>
